\BOOKMARK [0][-]{chapter.1}{\376\377\000I\000n\000t\000r\000o\000d\000u\000c\000t\000i\000o\000n}{}% 1
\BOOKMARK [1][-]{section.1.1}{\376\377\000W\000h\000a\000t\000\040\000i\000s\000\040\000S\000O\000R\000T\000S\000+\000+}{chapter.1}% 2
\BOOKMARK [1][-]{section.1.2}{\376\377\000I\000n\000s\000t\000a\000l\000l}{chapter.1}% 3
\BOOKMARK [1][-]{section.1.3}{\376\377\040\034\000I\040\031\000m\000\040\000f\000e\000e\000l\000i\000n\000g\000\040\000l\000u\000c\000k\000y\040\035\000\040\000I\000n\000s\000t\000a\000l\000l}{chapter.1}% 4
\BOOKMARK [1][-]{section.1.4}{\376\377\000T\000e\000s\000t\000\040\000i\000n\000s\000t\000a\000l\000l\000a\000t\000i\000o\000n}{chapter.1}% 5
\BOOKMARK [1][-]{section.1.5}{\376\377\000G\000e\000n\000e\000r\000a\000l\000\040\000s\000i\000m\000u\000l\000a\000t\000i\000o\000n}{chapter.1}% 6
\BOOKMARK [1][-]{section.1.6}{\376\377\000L\000i\000c\000e\000n\000s\000e}{chapter.1}% 7
\BOOKMARK [0][-]{chapter.2}{\376\377\000C\000o\000o\000r\000d\000i\000n\000a\000t\000e\000\040\000c\000o\000n\000v\000e\000n\000t\000i\000o\000n\000s}{}% 8
\BOOKMARK [1][-]{section.2.1}{\376\377\000O\000r\000b\000i\000t\000\040\000c\000o\000n\000v\000e\000n\000t\000i\000o\000n\000s}{chapter.2}% 9
\BOOKMARK [1][-]{section.2.2}{\376\377\000C\000o\000o\000r\000d\000i\000n\000a\000t\000e\000\040\000t\000r\000a\000n\000s\000f\000o\000r\000m\000a\000t\000i\000o\000n\000\040\000g\000u\000i\000d\000e}{chapter.2}% 10
\BOOKMARK [0][-]{chapter.3}{\376\377\000O\000p\000t\000i\000o\000n\000a\000l\000\040\000d\000e\000p\000e\000n\000d\000e\000n\000c\000i\000e\000s}{}% 11
\BOOKMARK [1][-]{section.3.1}{\376\377\000B\000a\000s\000e\000m\000a\000p}{chapter.3}% 12
\BOOKMARK [1][-]{section.3.2}{\376\377\000P\000y\000g\000l\000o\000w}{chapter.3}% 13
\BOOKMARK [0][-]{chapter.4}{\376\377\000I\000n\000s\000t\000a\000l\000l\000i\000n\000g\000\040\000p\000r\000o\000p\000a\000g\000a\000t\000o\000r\000s}{}% 14
\BOOKMARK [1][-]{section.4.1}{\376\377\000O\000r\000e\000k\000i\000t}{chapter.4}% 15
\BOOKMARK [1][-]{section.4.2}{\376\377\000S\000G\000P\0004}{chapter.4}% 16
\BOOKMARK [0][-]{chapter.5}{\376\377\000S\000t\000e\000p\000\040\000b\000y\000\040\000s\000t\000e\000p\000\040\000g\000u\000i\000d\000e\000s}{}% 17
\BOOKMARK [1][-]{section.5.1}{\376\377\000S\000t\000e\000p\000\040\000b\000y\000\040\000s\000t\000e\000p\000:\000\040\000f\000r\000e\000s\000h\000\040\000U\000b\000u\000n\000t\000u\000\040\0001\0006\000.\0000\0004\000\040\000L\000T\000S}{chapter.5}% 18
\BOOKMARK [0][-]{chapter.6}{\376\377\000U\000s\000a\000g\000e\000\040\000e\000x\000a\000m\000p\000l\000e\000s}{}% 19
\BOOKMARK [1][-]{section.6.1}{\376\377\000M\000o\000d\000u\000l\000e\000\040\000l\000e\000v\000e\000l\000\040\000u\000s\000a\000g\000e}{chapter.6}% 20
\BOOKMARK [1][-]{section.6.2}{\376\377\000E\000x\000p\000a\000n\000d\000i\000n\000g\000\040\000o\000n\000\040\000l\000i\000b\000r\000a\000r\000i\000e\000s}{chapter.6}% 21
\BOOKMARK [1][-]{section.6.3}{\376\377\000F\000u\000l\000l\000\040\000s\000i\000m\000u\000l\000a\000t\000i\000o\000n\000\040\000u\000s\000a\000g\000e}{chapter.6}% 22
\BOOKMARK [1][-]{section.6.4}{\376\377\000N\000o\000t\000\040\000d\000o\000c\000u\000m\000e\000n\000t\000e\000d\000\040\000y\000e\000t}{chapter.6}% 23
\BOOKMARK [1][-]{section.6.5}{\376\377\000t\000e\000s\000t\000\040\000s\000i\000m\000s}{chapter.6}% 24
\BOOKMARK [0][-]{chapter.7}{\376\377\000D\000o\000c\000u\000m\000e\000n\000t\000a\000t\000i\000o\000n}{}% 25
\BOOKMARK [1][-]{section.7.1}{\376\377\000S\000i\000m\000u\000l\000a\000t\000i\000o\000n\000\040\000h\000a\000n\000d\000l\000e\000r}{chapter.7}% 26
\BOOKMARK [1][-]{section.7.2}{\376\377\000C\000l\000a\000s\000s\000\040\000m\000o\000d\000u\000l\000e\000s}{chapter.7}% 27
\BOOKMARK [1][-]{section.7.3}{\376\377\000F\000u\000n\000c\000t\000i\000o\000n\000\040\000m\000o\000d\000u\000l\000e\000s}{chapter.7}% 28
\BOOKMARK [1][-]{section.7.4}{\376\377\000I\000n\000s\000t\000a\000n\000c\000e\000\040\000l\000i\000b\000r\000a\000r\000i\000e\000s}{chapter.7}% 29
\BOOKMARK [1][-]{section.7.5}{\376\377\000I\000n\000t\000e\000g\000r\000a\000t\000o\000r\000\040\000i\000n\000t\000e\000r\000f\000a\000c\000e\000s}{chapter.7}% 30
\BOOKMARK [1][-]{section.7.6}{\376\377\000T\000e\000s\000t\000s}{chapter.7}% 31
\BOOKMARK [0][-]{chapter.8}{\376\377\000I\000n\000d\000i\000c\000e\000s\000\040\000a\000n\000d\000\040\000t\000a\000b\000l\000e\000s}{}% 32
\BOOKMARK [0][-]{section*.383}{\376\377\000P\000y\000t\000h\000o\000n\000\040\000M\000o\000d\000u\000l\000e\000\040\000I\000n\000d\000e\000x}{}% 33
\BOOKMARK [0][-]{section*.384}{\376\377\000I\000n\000d\000e\000x}{}% 34
